<?xml version="1.0" encoding="UTF-8"?>
<!-- Generated by org.testng.reporters.JUnitReportReporter -->
<testsuite hostname="RAKESH-PC" name="ForPractice_Pattern.Second_Patern_Program.Pattern5" tests="1" failures="0" timestamp="28 Jul 2023 15:48:53 GMT" time="0.015" errors="0">
  <testcase name="pattern5" time="0.015" classname="ForPractice_Pattern.Second_Patern_Program.Pattern5"/>
</testsuite> <!-- ForPractice_Pattern.Second_Patern_Program.Pattern5 -->
