<?xml version="1.0" encoding="UTF-8"?>
<!-- Generated by org.testng.reporters.JUnitReportReporter -->
<testsuite hostname="RAKESH-PC" name="ForPractice_Number.Second_Practice_Number.NumberArmStrong" tests="1" failures="0" timestamp="27 Jul 2023 20:47:52 GMT" time="4.911" errors="0">
  <testcase name="armastrongNumber" time="4.911" classname="ForPractice_Number.Second_Practice_Number.NumberArmStrong"/>
</testsuite> <!-- ForPractice_Number.Second_Practice_Number.NumberArmStrong -->
