<?xml version="1.0" encoding="UTF-8"?>
<!-- Generated by org.testng.reporters.JUnitReportReporter -->
<testsuite hostname="DESKTOP-EVUVHLP" failures="0" tests="1" name="ForPractice_Number.Second_Practice_Number.SwipeNumber" time="0.048" errors="0" timestamp="2023-09-17T04:00:57 IST" skipped="0">
  <testcase classname="ForPractice_Number.Second_Practice_Number.SwipeNumber" name="swipeNumbers" time="0.048"/>
</testsuite> <!-- ForPractice_Number.Second_Practice_Number.SwipeNumber -->
