<?xml version="1.0" encoding="UTF-8"?>
<!-- Generated by org.testng.reporters.JUnitReportReporter -->
<testsuite hostname="RAKESH-PC" name="ForPractice_Array._Second_Practice_Array_Program.SumOfNumberInArray" tests="1" failures="0" timestamp="26 Jul 2023 20:34:33 GMT" time="0.016" errors="0">
  <testcase name="sumOfNumberInArray" time="0.016" classname="ForPractice_Array._Second_Practice_Array_Program.SumOfNumberInArray"/>
</testsuite> <!-- ForPractice_Array._Second_Practice_Array_Program.SumOfNumberInArray -->
