<?xml version="1.0" encoding="UTF-8"?>
<!-- Generated by org.testng.reporters.JUnitReportReporter -->
<testsuite hostname="RAKESH-PC" name="Latest_Practice_TestScripts.FileUpload" tests="1" failures="0" timestamp="21 Jul 2023 13:52:51 GMT" time="19.994" errors="0">
  <testcase name="uploadFile" time="19.994" classname="Latest_Practice_TestScripts.FileUpload"/>
</testsuite> <!-- Latest_Practice_TestScripts.FileUpload -->
