<?xml version="1.0" encoding="UTF-8"?>
<!-- Generated by org.testng.reporters.JUnitReportReporter -->
<testsuite hostname="RAKESH-PC" name="ForPractice_Number.Second_Practice_Number.PrimeNumber" tests="1" failures="0" timestamp="27 Jul 2023 20:04:35 GMT" time="3.829" errors="0">
  <testcase name="primeNumber" time="3.829" classname="ForPractice_Number.Second_Practice_Number.PrimeNumber"/>
</testsuite> <!-- ForPractice_Number.Second_Practice_Number.PrimeNumber -->
