<?xml version="1.0" encoding="UTF-8"?>
<!-- Generated by org.testng.reporters.JUnitReportReporter -->
<testsuite hostname="DESKTOP-EVUVHLP" failures="0" tests="1" name="ForPractice_Pattern.Second_Patern_Program.Patern1" time="0.070" errors="0" timestamp="2023-09-17T04:20:13 IST" skipped="0">
  <testcase classname="ForPractice_Pattern.Second_Patern_Program.Patern1" name="patern1" time="0.070"/>
</testsuite> <!-- ForPractice_Pattern.Second_Patern_Program.Patern1 -->
