<?xml version="1.0" encoding="UTF-8"?>
<!-- Generated by org.testng.reporters.JUnitReportReporter -->
<testsuite hostname="RAKESH-PC" name="Latest_Practice_TestScripts.ReadDataFromFile" tests="1" failures="0" timestamp="21 Jul 2023 14:19:31 GMT" time="0.031" errors="0">
  <testcase name="readFromTextFile" time="0.031" classname="Latest_Practice_TestScripts.ReadDataFromFile"/>
</testsuite> <!-- Latest_Practice_TestScripts.ReadDataFromFile -->
