<?xml version="1.0" encoding="UTF-8"?>
<!-- Generated by org.testng.reporters.JUnitReportReporter -->
<testsuite hostname="DESKTOP-EVUVHLP" failures="0" tests="1" name="ForPractice_String.SecondSetPractice_String_Program.findVowelsConsonentCountInString" time="0.022" errors="0" timestamp="2023-08-09T02:23:41 IST" skipped="0">
  <testcase classname="ForPractice_String.SecondSetPractice_String_Program.findVowelsConsonentCountInString" name="findVowelsConsonentCountString" time="0.022"/>
</testsuite> <!-- ForPractice_String.SecondSetPractice_String_Program.findVowelsConsonentCountInString -->
