<?xml version="1.0" encoding="UTF-8"?>
<!-- Generated by org.testng.reporters.JUnitReportReporter -->
<testsuite hostname="RAKESH-PC" name="ForPractice_Pattern.Second_Patern_Program.Pattern2" tests="1" failures="0" timestamp="28 Jul 2023 15:31:26 GMT" time="0.019" errors="0">
  <testcase name="pattern2" time="0.019" classname="ForPractice_Pattern.Second_Patern_Program.Pattern2"/>
</testsuite> <!-- ForPractice_Pattern.Second_Patern_Program.Pattern2 -->
