<?xml version="1.0" encoding="UTF-8"?>
<!-- Generated by org.testng.reporters.JUnitReportReporter -->
<testsuite hostname="RAKESH-PC" name="ForPractice_Array._Second_Practice_Array_Program.ReverseArrayNumber" tests="1" failures="0" timestamp="26 Jul 2023 19:13:24 GMT" time="0.024" errors="0">
  <testcase name="reverseArrayNumbers" time="0.024" classname="ForPractice_Array._Second_Practice_Array_Program.ReverseArrayNumber"/>
</testsuite> <!-- ForPractice_Array._Second_Practice_Array_Program.ReverseArrayNumber -->
