<?xml version="1.0" encoding="UTF-8"?>
<!-- Generated by org.testng.reporters.JUnitReportReporter -->
<testsuite hostname="DESKTOP-EVUVHLP" failures="0" tests="1" name="ForPractice_TestScript.StringDemo" time="0.027" errors="0" timestamp="2023-08-11T12:49:52 IST" skipped="0">
  <testcase classname="ForPractice_TestScript.StringDemo" name="StringVerify" time="0.027"/>
</testsuite> <!-- ForPractice_TestScript.StringDemo -->
