<?xml version="1.0" encoding="UTF-8"?>
<!-- Generated by org.testng.reporters.JUnitReportReporter -->
<testsuite hostname="RAKESH-PC" name="ForPractice_Array._Second_Practice_Array_Program.MultiDimensionalArray" tests="1" failures="0" timestamp="27 Jul 2023 18:16:57 GMT" time="0.016" errors="0">
  <testcase name="multipicationInArray" time="0.016" classname="ForPractice_Array._Second_Practice_Array_Program.MultiDimensionalArray"/>
</testsuite> <!-- ForPractice_Array._Second_Practice_Array_Program.MultiDimensionalArray -->
