<?xml version="1.0" encoding="UTF-8"?>
<!-- Generated by org.testng.reporters.JUnitReportReporter -->
<testsuite hostname="RAKESH-PC" name="ForPractice_String.SecondSetPractice_String_Program.DuplicateStringAndChar" tests="1" failures="0" timestamp="25 Jul 2023 20:30:13 GMT" time="0.015" errors="0">
  <testcase name="verifyDuplicateChar" time="0.015" classname="ForPractice_String.SecondSetPractice_String_Program.DuplicateStringAndChar"/>
</testsuite> <!-- ForPractice_String.SecondSetPractice_String_Program.DuplicateStringAndChar -->
