<?xml version="1.0" encoding="UTF-8"?>
<!-- Generated by org.testng.reporters.JUnitReportReporter -->
<testsuite hostname="DESKTOP-EVUVHLP" failures="0" tests="4" name="ForPractice_String.SecondSetPractice_String_Program.DuplicateStringAndChar" time="0.024" errors="0" timestamp="2023-09-20T02:39:59 IST" skipped="3">
  <testcase classname="ForPractice_String.SecondSetPractice_String_Program.DuplicateStringAndChar" name="verifyDuplicateCharacter" time="0.024"/>
  <testcase classname="ForPractice_String.SecondSetPractice_String_Program.DuplicateStringAndChar" name="verifyDuplicateString">
    <skipped/>
  </testcase> <!-- verifyDuplicateString -->
  <testcase classname="ForPractice_String.SecondSetPractice_String_Program.DuplicateStringAndChar" name="verifyDuplicates">
    <skipped/>
  </testcase> <!-- verifyDuplicates -->
  <testcase classname="ForPractice_String.SecondSetPractice_String_Program.DuplicateStringAndChar" name="verifyDuplicatesWords">
    <skipped/>
  </testcase> <!-- verifyDuplicatesWords -->
</testsuite> <!-- ForPractice_String.SecondSetPractice_String_Program.DuplicateStringAndChar -->
