<?xml version="1.0" encoding="UTF-8"?>
<!-- Generated by org.testng.reporters.JUnitReportReporter -->
<testsuite hostname="RAKESH-PC" name="ForPractice_Number.Second_Practice_Number.FactorialNumber" tests="1" failures="0" timestamp="27 Jul 2023 21:08:54 GMT" time="4.089" errors="0">
  <testcase name="factorialNumber" time="4.089" classname="ForPractice_Number.Second_Practice_Number.FactorialNumber"/>
</testsuite> <!-- ForPractice_Number.Second_Practice_Number.FactorialNumber -->
