<?xml version="1.0" encoding="UTF-8"?>
<!-- Generated by org.testng.reporters.JUnitReportReporter -->
<testsuite hostname="DESKTOP-EVUVHLP" failures="0" tests="1" name="ForPractice_String.SecondSetPractice_String_Program.StringSwipe" time="0.022" errors="0" timestamp="2023-09-17T02:18:23 IST" skipped="0">
  <testcase classname="ForPractice_String.SecondSetPractice_String_Program.StringSwipe" name="swipeString" time="0.022"/>
</testsuite> <!-- ForPractice_String.SecondSetPractice_String_Program.StringSwipe -->
