<?xml version="1.0" encoding="UTF-8"?>
<!-- Generated by org.testng.reporters.JUnitReportReporter -->
<testsuite hostname="RAKESH-PC" name="ForPractice_Collection_Program.Second_Collection_Program.ArrayList" tests="1" failures="0" timestamp="28 Jul 2023 20:26:07 GMT" time="0.015" errors="0">
  <testcase name="arraList" time="0.015" classname="ForPractice_Collection_Program.Second_Collection_Program.ArrayList"/>
</testsuite> <!-- ForPractice_Collection_Program.Second_Collection_Program.ArrayList -->
