<?xml version="1.0" encoding="UTF-8"?>
<!-- Generated by org.testng.reporters.JUnitReportReporter -->
<testsuite hostname="RAKESH-PC" name="ForPractice_Pattern.Second_Patern_Program.Patern1" tests="1" failures="0" timestamp="28 Jul 2023 15:12:26 GMT" time="0.086" errors="0">
  <testcase name="patern1" time="0.086" classname="ForPractice_Pattern.Second_Patern_Program.Patern1"/>
</testsuite> <!-- ForPractice_Pattern.Second_Patern_Program.Patern1 -->
