<?xml version="1.0" encoding="UTF-8"?>
<!-- Generated by org.testng.reporters.JUnitReportReporter -->
<testsuite hostname="RAKESH-PC" name="ForPractice_Number.Second_Practice_Number.SwipeNumber" tests="1" failures="0" timestamp="27 Jul 2023 18:31:06 GMT" time="0.017" errors="0">
  <testcase name="swipeNumbers" time="0.017" classname="ForPractice_Number.Second_Practice_Number.SwipeNumber"/>
</testsuite> <!-- ForPractice_Number.Second_Practice_Number.SwipeNumber -->
