<?xml version="1.0" encoding="UTF-8"?>
<!-- Generated by org.testng.reporters.JUnitReportReporter -->
<testsuite hostname="DESKTOP-EVUVHLP" failures="0" tests="1" name="ForPractice_String.SecondSetPractice_String_Program.findVowelsConsonentCountInString" time="0.020" errors="0" timestamp="2023-09-16T20:15:16 IST" skipped="0">
  <testcase classname="ForPractice_String.SecondSetPractice_String_Program.findVowelsConsonentCountInString" name="findVowelsConsonentCountString" time="0.020"/>
</testsuite> <!-- ForPractice_String.SecondSetPractice_String_Program.findVowelsConsonentCountInString -->
