<?xml version="1.0" encoding="UTF-8"?>
<!-- Generated by org.testng.reporters.JUnitReportReporter -->
<testsuite hostname="RAKESH-PC" name="ForPractice_String.SecondSetPractice_String_Program.StringPlaimdrome" tests="1" failures="0" timestamp="25 Jul 2023 18:26:41 GMT" time="6.630" errors="0">
  <testcase name="checkStringPlaimdrome" time="6.630" classname="ForPractice_String.SecondSetPractice_String_Program.StringPlaimdrome"/>
</testsuite> <!-- ForPractice_String.SecondSetPractice_String_Program.StringPlaimdrome -->
