<?xml version="1.0" encoding="UTF-8"?>
<!-- Generated by org.testng.reporters.JUnitReportReporter -->
<testsuite hostname="DESKTOP-EVUVHLP" failures="0" tests="3" name="ForPractice_String.SecondSetPractice_String_Program.StringSorting" time="0.028" errors="0" timestamp="2023-09-17T02:05:28 IST" skipped="2">
  <testcase classname="ForPractice_String.SecondSetPractice_String_Program.StringSorting" name="stringSortingUsingChar1" time="0.028"/>
  <testcase classname="ForPractice_String.SecondSetPractice_String_Program.StringSorting" name="stringSortingUsingChar">
    <skipped/>
  </testcase> <!-- stringSortingUsingChar -->
  <testcase classname="ForPractice_String.SecondSetPractice_String_Program.StringSorting" name="stringSorting">
    <skipped/>
  </testcase> <!-- stringSorting -->
</testsuite> <!-- ForPractice_String.SecondSetPractice_String_Program.StringSorting -->
