<?xml version="1.0" encoding="UTF-8"?>
<!-- Generated by org.testng.reporters.JUnitReportReporter -->
<testsuite hostname="RAKESH-PC" name="Latest_Practice_TestScripts.DataDrivenToWorkOnDataProvider" tests="3" failures="0" timestamp="22 Jul 2023 20:10:38 GMT" time="0.018" errors="0">
  <testcase name="userLogin" time="0.003" classname="Latest_Practice_TestScripts.DataDrivenToWorkOnDataProvider"/>
  <testcase name="userLogin" time="0.013" classname="Latest_Practice_TestScripts.DataDrivenToWorkOnDataProvider"/>
  <testcase name="userLogin" time="0.002" classname="Latest_Practice_TestScripts.DataDrivenToWorkOnDataProvider"/>
</testsuite> <!-- Latest_Practice_TestScripts.DataDrivenToWorkOnDataProvider -->
