<?xml version="1.0" encoding="UTF-8"?>
<!-- Generated by org.testng.reporters.JUnitReportReporter -->
<testsuite hostname="RAKESH-PC" name="ForPractice_TestScript.Demo" tests="1" failures="0" timestamp="21 Apr 2023 15:04:28 GMT" time="0.026" errors="0">
  <testcase name="test" time="0.026" classname="ForPractice_TestScript.Demo"/>
</testsuite> <!-- ForPractice_TestScript.Demo -->
