<?xml version="1.0" encoding="UTF-8"?>
<!-- Generated by org.testng.reporters.JUnitReportReporter -->
<<<<<<< HEAD
<testsuite hostname="DESKTOP-EVUVHLP" failures="0" tests="1" name="ForPractice_String.SecondSetPractice_String_Program.StringExtraction" time="0.029" errors="0" timestamp="2023-08-18T23:57:54 IST" skipped="0">
  <testcase classname="ForPractice_String.SecondSetPractice_String_Program.StringExtraction" name="test" time="0.029"/>
</testsuite> <!-- ForPractice_String.SecondSetPractice_String_Program.StringExtraction -->
=======
<testsuite hostname="DESKTOP-FJSIPL4" failures="0" tests="1" name="ForPractice_String.SecondSetPractice_String_Program.StringExtraction" time="0.055" errors="0" timestamp="2023-08-29T14:24:48 IST" skipped="0">
  <testcase classname="ForPractice_String.SecondSetPractice_String_Program.StringExtraction" name="verifyStringExtraction" time="0.055"/>
</testsuite> <!-- ForPractice_String.SecondSetPractice_String_Program.StringExtraction -->
>>>>>>> branch 'master' of https://github.com/rakesh6048/JavaPractices.git
