<?xml version="1.0" encoding="UTF-8"?>
<!-- Generated by org.testng.reporters.JUnitReportReporter -->
<testsuite hostname="RAKESH-PC" name="ForPractice_Pattern.Second_Patern_Program.Pattern7" tests="1" failures="0" timestamp="28 Jul 2023 18:35:46 GMT" time="0.016" errors="0">
  <testcase name="pattern7" time="0.016" classname="ForPractice_Pattern.Second_Patern_Program.Pattern7"/>
</testsuite> <!-- ForPractice_Pattern.Second_Patern_Program.Pattern7 -->
