<?xml version="1.0" encoding="UTF-8"?>
<!-- Generated by org.testng.reporters.JUnitReportReporter -->
<testsuite hostname="RAKESH-PC" name="ForPractice_Array._Program.ReverseArrayNumber" tests="1" failures="0" timestamp="25 Jul 2023 20:33:28 GMT" time="0.016" errors="0">
  <testcase name="reverseArrayNum" time="0.016" classname="ForPractice_Array._Program.ReverseArrayNumber"/>
</testsuite> <!-- ForPractice_Array._Program.ReverseArrayNumber -->
