<?xml version="1.0" encoding="UTF-8"?>
<!-- Generated by org.testng.reporters.JUnitReportReporter -->
<testsuite hostname="RAKESH-PC" name="ForPractice_Number.Second_Practice_Number.PostAndPreIncrementOperator" tests="1" failures="0" timestamp="27 Jul 2023 20:10:01 GMT" time="0.014" errors="0">
  <testcase name="postIncrement" time="0.014" classname="ForPractice_Number.Second_Practice_Number.PostAndPreIncrementOperator"/>
</testsuite> <!-- ForPractice_Number.Second_Practice_Number.PostAndPreIncrementOperator -->
