<?xml version="1.0" encoding="UTF-8"?>
<!-- Generated by org.testng.reporters.JUnitReportReporter -->
<testsuite hostname="RAKESH-PC" name="Latest_Practice_TestScripts.ThreadPoolSize" tests="5" failures="0" timestamp="27 Jul 2023 07:20:17 GMT" time="0.059" errors="0">
  <testcase name="demoForThreadPoll" time="0.019" classname="Latest_Practice_TestScripts.ThreadPoolSize"/>
  <testcase name="demoForThreadPoll" time="0.002" classname="Latest_Practice_TestScripts.ThreadPoolSize"/>
  <testcase name="demoForThreadPoll" time="0.018" classname="Latest_Practice_TestScripts.ThreadPoolSize"/>
  <testcase name="demoForThreadPoll" time="0.002" classname="Latest_Practice_TestScripts.ThreadPoolSize"/>
  <testcase name="demoForThreadPoll" time="0.018" classname="Latest_Practice_TestScripts.ThreadPoolSize"/>
</testsuite> <!-- Latest_Practice_TestScripts.ThreadPoolSize -->
