<?xml version="1.0" encoding="UTF-8"?>
<!-- Generated by org.testng.reporters.JUnitReportReporter -->
<testsuite hostname="RAKESH-PC" name="ForPractice_Number.Second_Practice_Number.ReverseNumber" tests="1" failures="0" timestamp="27 Jul 2023 18:54:16 GMT" time="4.166" errors="0">
  <testcase name="reverseNumber" time="4.166" classname="ForPractice_Number.Second_Practice_Number.ReverseNumber"/>
</testsuite> <!-- ForPractice_Number.Second_Practice_Number.ReverseNumber -->
