<?xml version="1.0" encoding="UTF-8"?>
<!-- Generated by org.testng.reporters.JUnitReportReporter -->
<testsuite hostname="DESKTOP-EVUVHLP" failures="0" tests="1" name="ForPractice_Number.Second_Practice_Number.PrimeNumber" time="2.870" errors="0" timestamp="2023-09-17T04:16:09 IST" skipped="0">
  <testcase classname="ForPractice_Number.Second_Practice_Number.PrimeNumber" name="primeNumber" time="2.870"/>
</testsuite> <!-- ForPractice_Number.Second_Practice_Number.PrimeNumber -->
