<?xml version="1.0" encoding="UTF-8"?>
<!-- Generated by org.testng.reporters.JUnitReportReporter -->
<testsuite hostname="RAKESH-PC" name="Latest_Practice_TestScripts.JSONFileReadAndWrite" tests="2" failures="0" timestamp="21 Jul 2023 20:33:52 GMT" time="0.044" errors="0">
  <testcase name="JSONFileWrite" time="0.031" classname="Latest_Practice_TestScripts.JSONFileReadAndWrite"/>
  <testcase name="readJSONFie" time="0.013" classname="Latest_Practice_TestScripts.JSONFileReadAndWrite"/>
</testsuite> <!-- Latest_Practice_TestScripts.JSONFileReadAndWrite -->
