<?xml version="1.0" encoding="UTF-8"?>
<!-- Generated by org.testng.reporters.JUnitReportReporter -->
<testsuite hostname="DESKTOP-EVUVHLP" failures="0" tests="3" name="ForPractice_String.SecondSetPractice_String_Program.StringConvert" time="0.063" errors="0" timestamp="2023-11-09T02:05:59 IST" skipped="0">
  <testcase classname="ForPractice_String.SecondSetPractice_String_Program.StringConvert" name="convertCharToString" time="0.022"/>
  <testcase classname="ForPractice_String.SecondSetPractice_String_Program.StringConvert" name="convertStringToInt" time="0.013"/>
  <testcase classname="ForPractice_String.SecondSetPractice_String_Program.StringConvert" name="convertIntToString" time="0.028"/>
</testsuite> <!-- ForPractice_String.SecondSetPractice_String_Program.StringConvert -->
