<?xml version="1.0" encoding="UTF-8"?>
<!-- Generated by org.testng.reporters.JUnitReportReporter -->
<testsuite hostname="RAKESH-PC" name="ForPractice_Pattern.Second_Patern_Program.Pattern4" tests="1" failures="0" timestamp="28 Jul 2023 15:41:55 GMT" time="0.016" errors="0">
  <testcase name="patter4" time="0.016" classname="ForPractice_Pattern.Second_Patern_Program.Pattern4"/>
</testsuite> <!-- ForPractice_Pattern.Second_Patern_Program.Pattern4 -->
