<?xml version="1.0" encoding="UTF-8"?>
<!-- Generated by org.testng.reporters.JUnitReportReporter -->
<testsuite hostname="RAKESH-PC" name="Latest_Practice_TestScripts.ReadDataFromTextFile" tests="1" failures="0" timestamp="23 Jul 2023 18:11:50 GMT" time="0.038" errors="0">
  <testcase name="readFromTextFile" time="0.038" classname="Latest_Practice_TestScripts.ReadDataFromTextFile"/>
</testsuite> <!-- Latest_Practice_TestScripts.ReadDataFromTextFile -->
