<?xml version="1.0" encoding="UTF-8"?>
<!-- Generated by org.testng.reporters.JUnitReportReporter -->
<testsuite hostname="RAKESH-PC" name="ForPractice_String.Program.ReverseString" tests="1" failures="0" timestamp="22 Jul 2023 22:24:49 GMT" time="0.016" errors="0">
  <testcase name="reversString" time="0.016" classname="ForPractice_String.Program.ReverseString"/>
</testsuite> <!-- ForPractice_String.Program.ReverseString -->
