<?xml version="1.0" encoding="UTF-8"?>
<!-- Generated by org.testng.reporters.JUnitReportReporter -->
<testsuite hostname="RAKESH-PC" name="ForPractice_TestScript.DataDrivenFramework" tests="3" failures="0" timestamp="28 Mar 2023 18:49:20 GMT" time="0.119" errors="0">
  <testcase name="verifyLoginDetails" time="0.003" classname="ForPractice_TestScript.DataDrivenFramework"/>
  <testcase name="verifyLoginDetails" time="0.112" classname="ForPractice_TestScript.DataDrivenFramework"/>
  <testcase name="verifyLoginDetails" time="0.004" classname="ForPractice_TestScript.DataDrivenFramework"/>
</testsuite> <!-- ForPractice_TestScript.DataDrivenFramework -->
