<?xml version="1.0" encoding="UTF-8"?>
<!-- Generated by org.testng.reporters.JUnitReportReporter -->
<testsuite hostname="RAKESH-PC" name="Latest_Practice_TestScripts.ControlKeyboard" tests="1" failures="0" timestamp="26 Jul 2023 18:27:18 GMT" time="564.080" errors="0">
  <testcase name="verifyKeyboardActions" time="564.080" classname="Latest_Practice_TestScripts.ControlKeyboard"/>
</testsuite> <!-- Latest_Practice_TestScripts.ControlKeyboard -->
