<?xml version="1.0" encoding="UTF-8"?>
<!-- Generated by org.testng.reporters.JUnitReportReporter -->
<testsuite hostname="DESKTOP-EVUVHLP" failures="0" tests="5" name="ForPractice_String.SecondSetPractice_String_Program.DuplicateStringAndChar" time="0.056" errors="0" timestamp="2023-08-10T23:38:04 IST" skipped="2">
  <testcase classname="ForPractice_String.SecondSetPractice_String_Program.DuplicateStringAndChar" name="verifyDuplicateString" time="0.033"/>
  <testcase classname="ForPractice_String.SecondSetPractice_String_Program.DuplicateStringAndChar" name="verifyDuplicateString12" time="0.012"/>
  <testcase classname="ForPractice_String.SecondSetPractice_String_Program.DuplicateStringAndChar" name="verifyDuplicateString1" time="0.011"/>
  <testcase classname="ForPractice_String.SecondSetPractice_String_Program.DuplicateStringAndChar" name="verifyDuplicateCharacter">
    <skipped/>
  </testcase> <!-- verifyDuplicateCharacter -->
  <testcase classname="ForPractice_String.SecondSetPractice_String_Program.DuplicateStringAndChar" name="verifyDuplicateChar">
    <skipped/>
  </testcase> <!-- verifyDuplicateChar -->
</testsuite> <!-- ForPractice_String.SecondSetPractice_String_Program.DuplicateStringAndChar -->
