<?xml version="1.0" encoding="UTF-8"?>
<!-- Generated by org.testng.reporters.JUnitReportReporter -->
<testsuite hostname="RAKESH-PC" name="Latest_Practice_TestScripts.ReadDataFromXMLFile" tests="1" failures="0" timestamp="23 Jul 2023 18:17:06 GMT" time="0.034" errors="0">
  <testcase name="readFromXMLFile" time="0.034" classname="Latest_Practice_TestScripts.ReadDataFromXMLFile"/>
</testsuite> <!-- Latest_Practice_TestScripts.ReadDataFromXMLFile -->
