<?xml version="1.0" encoding="UTF-8"?>
<!-- Generated by org.testng.reporters.JUnitReportReporter -->
<testsuite hostname="RAKESH-PC" name="ForPractice_Array._Second_Practice_Array_Program.ArrayLargestSmallestNumber" tests="1" failures="0" timestamp="26 Jul 2023 19:37:54 GMT" time="0.016" errors="0">
  <testcase name="largetSmallestArraynumber" time="0.016" classname="ForPractice_Array._Second_Practice_Array_Program.ArrayLargestSmallestNumber"/>
</testsuite> <!-- ForPractice_Array._Second_Practice_Array_Program.ArrayLargestSmallestNumber -->
