<?xml version="1.0" encoding="UTF-8"?>
<!-- Generated by org.testng.reporters.JUnitReportReporter -->
<testsuite hostname="DESKTOP-EVUVHLP" failures="0" tests="3" name="ForPractice_TestScript.DataDrivenFramework" time="0.024" errors="0" timestamp="2023-08-20T01:22:56 IST" skipped="0">
  <testcase classname="ForPractice_TestScript.DataDrivenFramework" name="verifyLoginDetails" time="0.004"/>
  <testcase classname="ForPractice_TestScript.DataDrivenFramework" name="verifyLoginDetails" time="0.015"/>
  <testcase classname="ForPractice_TestScript.DataDrivenFramework" name="verifyLoginDetails" time="0.005"/>
</testsuite> <!-- ForPractice_TestScript.DataDrivenFramework -->
