<?xml version="1.0" encoding="UTF-8"?>
<!-- Generated by org.testng.reporters.JUnitReportReporter -->
<testsuite hostname="DESKTOP-EVUVHLP" failures="0" tests="1" name="ForPractice_Number.Second_Practice_Number.ReverseNumber" time="5.025" errors="0" timestamp="2023-08-18T11:54:01 IST" skipped="0">
  <testcase classname="ForPractice_Number.Second_Practice_Number.ReverseNumber" name="reverseNumber" time="5.025"/>
</testsuite> <!-- ForPractice_Number.Second_Practice_Number.ReverseNumber -->
