<?xml version="1.0" encoding="UTF-8"?>
<!-- Generated by org.testng.reporters.JUnitReportReporter -->
<testsuite hostname="DESKTOP-EVUVHLP" failures="0" tests="3" name="ForPractice_String.SecondSetPractice_String_Program.ReverseStringAndWord" time="0.022" errors="0" timestamp="2023-09-17T01:46:23 IST" skipped="2">
  <testcase classname="ForPractice_String.SecondSetPractice_String_Program.ReverseStringAndWord" name="reverseWordOfString" time="0.022"/>
  <testcase classname="ForPractice_String.SecondSetPractice_String_Program.ReverseStringAndWord" name="reverseStringWithMoreWord">
    <skipped/>
  </testcase> <!-- reverseStringWithMoreWord -->
  <testcase classname="ForPractice_String.SecondSetPractice_String_Program.ReverseStringAndWord" name="reversString">
    <skipped/>
  </testcase> <!-- reversString -->
</testsuite> <!-- ForPractice_String.SecondSetPractice_String_Program.ReverseStringAndWord -->
