<?xml version="1.0" encoding="UTF-8"?>
<!-- Generated by org.testng.reporters.JUnitReportReporter -->
<testsuite hostname="RAKESH-PC" name="Latest_Practice_TestScripts.PrintAllValuesFromDynamicTable" tests="1" failures="0" timestamp="26 Jul 2023 10:59:22 GMT" time="254.230" errors="0">
  <testcase name="printValuesFromDynamicTable" time="254.230" classname="Latest_Practice_TestScripts.PrintAllValuesFromDynamicTable"/>
</testsuite> <!-- Latest_Practice_TestScripts.PrintAllValuesFromDynamicTable -->
