<?xml version="1.0" encoding="UTF-8"?>
<!-- Generated by org.testng.reporters.JUnitReportReporter -->
<testsuite hostname="RAKESH-PC" name="ForPractice_Array._Second_Practice_Array_Program.CommonElement" tests="1" failures="0" timestamp="27 Jul 2023 06:29:26 GMT" time="0.021" errors="0">
  <testcase name="commonEelementInArrays" time="0.021" classname="ForPractice_Array._Second_Practice_Array_Program.CommonElement"/>
</testsuite> <!-- ForPractice_Array._Second_Practice_Array_Program.CommonElement -->
