<?xml version="1.0" encoding="UTF-8"?>
<!-- Generated by org.testng.reporters.JUnitReportReporter -->
<testsuite hostname="RAKESH-PC" name="ForPractice_Number.Second_Practice_Number.NumberPlaimdrom" tests="1" failures="0" timestamp="27 Jul 2023 20:39:37 GMT" time="3.928" errors="0">
  <testcase name="validatePlaimdromNumber" time="3.928" classname="ForPractice_Number.Second_Practice_Number.NumberPlaimdrom"/>
</testsuite> <!-- ForPractice_Number.Second_Practice_Number.NumberPlaimdrom -->
