<?xml version="1.0" encoding="UTF-8"?>
<!-- Generated by org.testng.reporters.JUnitReportReporter -->
<testsuite hostname="DESKTOP-EVUVHLP" failures="0" tests="5" name="Latest_Practice_TestScripts.ThreadPoolSize" time="0.081" errors="0" timestamp="2023-09-16T17:04:32 IST" skipped="0">
  <testcase classname="Latest_Practice_TestScripts.ThreadPoolSize" name="demoForThreadPoll" time="0.008"/>
  <testcase classname="Latest_Practice_TestScripts.ThreadPoolSize" name="demoForThreadPoll" time="0.022"/>
  <testcase classname="Latest_Practice_TestScripts.ThreadPoolSize" name="demoForThreadPoll" time="0.021"/>
  <testcase classname="Latest_Practice_TestScripts.ThreadPoolSize" name="demoForThreadPoll" time="0.007"/>
  <testcase classname="Latest_Practice_TestScripts.ThreadPoolSize" name="demoForThreadPoll" time="0.023"/>
</testsuite> <!-- Latest_Practice_TestScripts.ThreadPoolSize -->
