<?xml version="1.0" encoding="UTF-8"?>
<!-- Generated by org.testng.reporters.JUnitReportReporter -->
<testsuite hostname="RAKESH-PC" name="ForPractice_String.SecondSetPractice_String_Program.findVowelsConsonentCountInString" tests="1" failures="0" timestamp="25 Jul 2023 17:43:46 GMT" time="0.015" errors="0">
  <testcase name="findVowelsConsonentCountString" time="0.015" classname="ForPractice_String.SecondSetPractice_String_Program.findVowelsConsonentCountInString"/>
</testsuite> <!-- ForPractice_String.SecondSetPractice_String_Program.findVowelsConsonentCountInString -->
