<?xml version="1.0" encoding="UTF-8"?>
<!-- Generated by org.testng.reporters.JUnitReportReporter -->
<testsuite hostname="RAKESH-PC" name="ForPractice_String.SecondSetPractice_String_Program.SubString" tests="1" failures="0" timestamp="25 Jul 2023 20:10:16 GMT" time="0.016" errors="0">
  <testcase name="subStringDemo" time="0.016" classname="ForPractice_String.SecondSetPractice_String_Program.SubString"/>
</testsuite> <!-- ForPractice_String.SecondSetPractice_String_Program.SubString -->
