<?xml version="1.0" encoding="UTF-8"?>
<!-- Generated by org.testng.reporters.JUnitReportReporter -->
<testsuite hostname="RAKESH-PC" name="ForPractice_Array._Second_Practice_Array_Program.IsDistinctInArray" tests="1" failures="0" timestamp="27 Jul 2023 06:37:34 GMT" time="0.017" errors="0">
  <testcase name="isDistinctInArray" time="0.017" classname="ForPractice_Array._Second_Practice_Array_Program.IsDistinctInArray"/>
</testsuite> <!-- ForPractice_Array._Second_Practice_Array_Program.IsDistinctInArray -->
