<?xml version="1.0" encoding="UTF-8"?>
<!-- Generated by org.testng.reporters.JUnitReportReporter -->
<testsuite hostname="RAKESH-PC" name="ForPractice_Array._Second_Practice_Array_Program.SecondHeghestInArray" tests="1" failures="0" timestamp="26 Jul 2023 20:06:57 GMT" time="0.015" errors="0">
  <testcase name="secondHeighestInArray" time="0.015" classname="ForPractice_Array._Second_Practice_Array_Program.SecondHeghestInArray"/>
</testsuite> <!-- ForPractice_Array._Second_Practice_Array_Program.SecondHeghestInArray -->
