<?xml version="1.0" encoding="UTF-8"?>
<!-- Generated by org.testng.reporters.JUnitReportReporter -->
<testsuite hostname="RAKESH-PC" name="ForPractice_Pattern.Second_Patern_Program.Pattern3" tests="1" failures="0" timestamp="28 Jul 2023 15:34:13 GMT" time="0.018" errors="0">
  <testcase name="pattern3" time="0.018" classname="ForPractice_Pattern.Second_Patern_Program.Pattern3"/>
</testsuite> <!-- ForPractice_Pattern.Second_Patern_Program.Pattern3 -->
