<?xml version="1.0" encoding="UTF-8"?>
<!-- Generated by org.testng.reporters.JUnitReportReporter -->
<testsuite hostname="RAKESH-PC" name="ForPractice_String.SecondSetPractice_String_Program.ReverseString" tests="1" failures="0" timestamp="25 Jul 2023 14:47:29 GMT" time="0.031" errors="0">
  <testcase name="reverseWordOfString" time="0.031" classname="ForPractice_String.SecondSetPractice_String_Program.ReverseString"/>
</testsuite> <!-- ForPractice_String.SecondSetPractice_String_Program.ReverseString -->
