<?xml version="1.0" encoding="UTF-8"?>
<!-- Generated by org.testng.reporters.JUnitReportReporter -->
<testsuite hostname="DESKTOP-EVUVHLP" failures="0" tests="3" name="Latest_Practice_TestScripts.DataDrivenToWorkOnDataProvider" time="0.042" errors="0" timestamp="2023-09-16T15:53:16 IST" skipped="0">
  <testcase classname="Latest_Practice_TestScripts.DataDrivenToWorkOnDataProvider" name="userLogin" time="0.005"/>
  <testcase classname="Latest_Practice_TestScripts.DataDrivenToWorkOnDataProvider" name="userLogin" time="0.024"/>
  <testcase classname="Latest_Practice_TestScripts.DataDrivenToWorkOnDataProvider" name="userLogin" time="0.013"/>
</testsuite> <!-- Latest_Practice_TestScripts.DataDrivenToWorkOnDataProvider -->
