<?xml version="1.0" encoding="UTF-8"?>
<!-- Generated by org.testng.reporters.JUnitReportReporter -->
<testsuite hostname="RAKESH-PC" name="Latest_Practice_TestScripts.WriteDataFromExcel" tests="1" failures="0" timestamp="22 Jul 2023 19:55:19 GMT" time="0.852" errors="0">
  <testcase name="craeteSheetInExcelAndWrite" time="0.852" classname="Latest_Practice_TestScripts.WriteDataFromExcel"/>
</testsuite> <!-- Latest_Practice_TestScripts.WriteDataFromExcel -->
