<?xml version="1.0" encoding="UTF-8"?>
<!-- Generated by org.testng.reporters.JUnitReportReporter -->
<testsuite hostname="DESKTOP-EVUVHLP" failures="0" tests="5" name="ForPractice_String.SecondSetPractice_String_Program.DuplicateStringAndChar" time="0.056" errors="0" timestamp="2023-08-17T02:51:18 IST" skipped="3">
  <testcase classname="ForPractice_String.SecondSetPractice_String_Program.DuplicateStringAndChar" name="verifyDuplicateString12" time="0.024"/>
  <testcase classname="ForPractice_String.SecondSetPractice_String_Program.DuplicateStringAndChar" name="verifyDuplicateString1" time="0.032"/>
  <testcase classname="ForPractice_String.SecondSetPractice_String_Program.DuplicateStringAndChar" name="verifyDuplicateChar">
    <skipped/>
  </testcase> <!-- verifyDuplicateChar -->
  <testcase classname="ForPractice_String.SecondSetPractice_String_Program.DuplicateStringAndChar" name="verifyDuplicateString">
    <skipped/>
  </testcase> <!-- verifyDuplicateString -->
  <testcase classname="ForPractice_String.SecondSetPractice_String_Program.DuplicateStringAndChar" name="verifyDuplicateCharacter">
    <skipped/>
  </testcase> <!-- verifyDuplicateCharacter -->
</testsuite> <!-- ForPractice_String.SecondSetPractice_String_Program.DuplicateStringAndChar -->
