<?xml version="1.0" encoding="UTF-8"?>
<!-- Generated by org.testng.reporters.JUnitReportReporter -->
<testsuite hostname="RAKESH-PC" name="ForPractice_String.SecondSetPractice_String_Program.StringTokenizer" tests="1" failures="0" timestamp="25 Jul 2023 19:56:02 GMT" time="0.019" errors="0">
  <testcase name="verifyStringTokenizer" time="0.019" classname="ForPractice_String.SecondSetPractice_String_Program.StringTokenizer"/>
</testsuite> <!-- ForPractice_String.SecondSetPractice_String_Program.StringTokenizer -->
