<?xml version="1.0" encoding="UTF-8"?>
<!-- Generated by org.testng.reporters.JUnitReportReporter -->
<testsuite hostname="RAKESH-PC" name="ForPractice_Pattern.Second_Patern_Program.Pattern6" tests="1" failures="0" timestamp="28 Jul 2023 18:10:19 GMT" time="0.054" errors="0">
  <testcase name="pattern6" time="0.054" classname="ForPractice_Pattern.Second_Patern_Program.Pattern6"/>
</testsuite> <!-- ForPractice_Pattern.Second_Patern_Program.Pattern6 -->
