<?xml version="1.0" encoding="UTF-8"?>
<!-- Generated by org.testng.reporters.JUnitReportReporter -->
<testsuite hostname="RAKESH-PC" name="Latest_Practice_TestScripts.WindowHandles" tests="1" failures="0" timestamp="24 Jul 2023 20:30:40 GMT" time="60.714" errors="0">
  <testcase name="verifyWindowHandles" time="60.714" classname="Latest_Practice_TestScripts.WindowHandles"/>
</testsuite> <!-- Latest_Practice_TestScripts.WindowHandles -->
