<?xml version="1.0" encoding="UTF-8"?>
<!-- Generated by org.testng.reporters.JUnitReportReporter -->
<testsuite hostname="RAKESH-PC" name="ForPractice_String.SecondSetPractice_String_Program.StringSorting" tests="1" failures="0" timestamp="25 Jul 2023 19:36:00 GMT" time="0.038" errors="0">
  <testcase name="stringSorting" time="0.038" classname="ForPractice_String.SecondSetPractice_String_Program.StringSorting"/>
</testsuite> <!-- ForPractice_String.SecondSetPractice_String_Program.StringSorting -->
