<?xml version="1.0" encoding="UTF-8"?>
<!-- Generated by org.testng.reporters.JUnitReportReporter -->
<testsuite hostname="RAKESH-PC" name="ForPractice_Number.Second_Practice_Number.PrintNumberUsingRecursion" tests="1" failures="0" timestamp="27 Jul 2023 19:06:21 GMT" time="0.031" errors="0">
  <testcase name="printNumber" time="0.031" classname="ForPractice_Number.Second_Practice_Number.PrintNumberUsingRecursion"/>
</testsuite> <!-- ForPractice_Number.Second_Practice_Number.PrintNumberUsingRecursion -->
