<?xml version="1.0" encoding="UTF-8"?>
<!-- Generated by org.testng.reporters.JUnitReportReporter -->
<testsuite hostname="RAKESH-PC" name="Latest_Practice_TestScripts.ReadDataFromProperties" tests="1" failures="0" timestamp="21 Jul 2023 14:32:44 GMT" time="0.006" errors="0">
  <testcase name="readDataFromProperties" time="0.006" classname="Latest_Practice_TestScripts.ReadDataFromProperties"/>
</testsuite> <!-- Latest_Practice_TestScripts.ReadDataFromProperties -->
