<?xml version="1.0" encoding="UTF-8"?>
<!-- Generated by org.testng.reporters.JUnitReportReporter -->
<testsuite hostname="RAKESH-PC" name="ForPractice_String.SecondSetPractice_String_Program.StringSwipe" tests="1" failures="0" timestamp="25 Jul 2023 19:51:08 GMT" time="0.014" errors="0">
  <testcase name="swipeString" time="0.014" classname="ForPractice_String.SecondSetPractice_String_Program.StringSwipe"/>
</testsuite> <!-- ForPractice_String.SecondSetPractice_String_Program.StringSwipe -->
