<?xml version="1.0" encoding="UTF-8"?>
<!-- Generated by org.testng.reporters.JUnitReportReporter -->
<testsuite hostname="RAKESH-PC" name="ForPractice_Number.Second_Practice_Number.GenerateRandomNumber" tests="1" failures="0" timestamp="27 Jul 2023 21:02:06 GMT" time="3.003" errors="0">
  <testcase name="generateRandomNuber" time="3.003" classname="ForPractice_Number.Second_Practice_Number.GenerateRandomNumber"/>
</testsuite> <!-- ForPractice_Number.Second_Practice_Number.GenerateRandomNumber -->
