<?xml version="1.0" encoding="UTF-8"?>
<!-- Generated by org.testng.reporters.JUnitReportReporter -->
<testsuite hostname="RAKESH-PC" name="Latest_Practice_TestScripts.ReadDataHSSFXSSF" tests="2" failures="0" timestamp="22 Jul 2023 18:28:23 GMT" time="1.070" errors="0">
  <testcase name="readDataUsingXSSF" time="0.735" classname="Latest_Practice_TestScripts.ReadDataHSSFXSSF"/>
  <testcase name="readDataUsingHSSF" time="0.335" classname="Latest_Practice_TestScripts.ReadDataHSSFXSSF"/>
</testsuite> <!-- Latest_Practice_TestScripts.ReadDataHSSFXSSF -->
