<?xml version="1.0" encoding="UTF-8"?>
<!-- Generated by org.testng.reporters.JUnitReportReporter -->
<testsuite hostname="RAKESH-PC" name="ForPractice_TestScript.Demo" tests="1" failures="0" timestamp="8 Apr 2023 22:27:47 GMT" time="0.161" errors="0">
  <testcase name="test" time="0.161" classname="ForPractice_TestScript.Demo"/>
</testsuite> <!-- ForPractice_TestScript.Demo -->
