<?xml version="1.0" encoding="UTF-8"?>
<!-- Generated by org.testng.reporters.JUnitReportReporter -->
<testsuite hostname="RAKESH-PC" name="ForPractice_Number.Second_Practice_Number.FibbonaciSeries" tests="1" failures="0" timestamp="27 Jul 2023 19:35:47 GMT" time="4.056" errors="0">
  <testcase name="fibbonaciSeries" time="4.056" classname="ForPractice_Number.Second_Practice_Number.FibbonaciSeries"/>
</testsuite> <!-- ForPractice_Number.Second_Practice_Number.FibbonaciSeries -->
