<?xml version="1.0" encoding="UTF-8"?>
<!-- Generated by org.testng.reporters.JUnitReportReporter -->
<testsuite hostname="DESKTOP-EVUVHLP" failures="0" tests="1" name="ForPractice_Number.Second_Practice_Number.PrintNumberUsingRecursion" time="0.031" errors="0" timestamp="2023-08-18T12:03:41 IST" skipped="0">
  <testcase classname="ForPractice_Number.Second_Practice_Number.PrintNumberUsingRecursion" name="printNumber" time="0.031"/>
</testsuite> <!-- ForPractice_Number.Second_Practice_Number.PrintNumberUsingRecursion -->
