<?xml version="1.0" encoding="UTF-8"?>
<!-- Generated by org.testng.reporters.JUnitReportReporter -->
<testsuite hostname="DESKTOP-EVUVHLP" failures="0" tests="1" name="ForPractice_Number.Second_Practice_Number.PrintNumberUsingRecursion" time="0.021" errors="0" timestamp="2023-09-09T03:09:12 IST" skipped="0">
  <testcase classname="ForPractice_Number.Second_Practice_Number.PrintNumberUsingRecursion" name="printNumber" time="0.021"/>
</testsuite> <!-- ForPractice_Number.Second_Practice_Number.PrintNumberUsingRecursion -->
