<?xml version="1.0" encoding="UTF-8"?>
<!-- Generated by org.testng.reporters.JUnitReportReporter -->
<testsuite hostname="RAKESH-PC" name="ForPractice_String.SecondSetPractice_String_Program.StringConvert" tests="3" failures="0" timestamp="24 Jul 2023 21:18:27 GMT" time="0.027" errors="0">
  <testcase name="convertCharToString" time="0.014" classname="ForPractice_String.SecondSetPractice_String_Program.StringConvert"/>
  <testcase name="convertStringToInt" time="0.012" classname="ForPractice_String.SecondSetPractice_String_Program.StringConvert"/>
  <testcase name="convertIntToString" time="0.001" classname="ForPractice_String.SecondSetPractice_String_Program.StringConvert"/>
</testsuite> <!-- ForPractice_String.SecondSetPractice_String_Program.StringConvert -->
