<?xml version="1.0" encoding="UTF-8"?>
<!-- Generated by org.testng.reporters.JUnitReportReporter -->
<testsuite hostname="RAKESH-PC" name="ForPractice_Number.Second_Practice_Number.PerfectNumber" tests="1" failures="0" timestamp="27 Jul 2023 20:32:00 GMT" time="4.236" errors="0">
  <testcase name="perfectNumber" time="4.236" classname="ForPractice_Number.Second_Practice_Number.PerfectNumber"/>
</testsuite> <!-- ForPractice_Number.Second_Practice_Number.PerfectNumber -->
